<?xml version="1.0" encoding="UTF-8"?>
<!-- Generated by org.testng.reporters.JUnitReportReporter -->
<testsuite skipped="0" hostname="DESKTOP-8IGUF9C" name="testcases.CasosCarrito" tests="4" failures="0" timestamp="2021-10-10T00:30:22 COT" time="44.388" errors="0">
  <testcase name="elegirArticulosAzarCarritoCompras" time="0.168" classname="testcases.CasosCarrito"/>
  <system-out/>
  <testcase name="anadirProductosAlCarrito" time="21.578" classname="testcases.CasosCarrito"/>
  <system-out/>
  <testcase name="verificarProductos" time="0.859" classname="testcases.CasosCarrito"/>
  <system-out/>
  <testcase name="verificarCheckOut" time="21.783" classname="testcases.CasosCarrito"/>
  <system-out/>
</testsuite> <!-- testcases.CasosCarrito -->
