<?xml version="1.0" encoding="UTF-8"?>
<!-- Generated by org.testng.reporters.JUnitReportReporter -->
<testsuite skipped="0" hostname="DESKTOP-8IGUF9C" name="testcases.CasosCarrito" tests="4" failures="0" timestamp="2021-10-05T21:10:29 COT" time="36.954" errors="0">
  <testcase name="verificarCheckOut" time="18.459" classname="testcases.CasosCarrito"/>
  <system-out/>
  <testcase name="elegirArticulosAzarCarritoCompras" time="0.148" classname="testcases.CasosCarrito"/>
  <system-out/>
  <testcase name="verificarProductos" time="0.941" classname="testcases.CasosCarrito"/>
  <system-out/>
  <testcase name="anadirProductosAlCarrito" time="17.406" classname="testcases.CasosCarrito"/>
  <system-out/>
</testsuite> <!-- testcases.CasosCarrito -->
