<?xml version="1.0" encoding="UTF-8"?>
<!-- Generated by org.testng.reporters.JUnitReportReporter -->
<testsuite skipped="0" hostname="DESKTOP-8IGUF9C" name="testcases.CasosCarrito" tests="4" failures="0" timestamp="2021-10-09T22:07:08 COT" time="40.918" errors="0">
  <testcase name="elegirArticulosAzarCarritoCompras" time="0.112" classname="testcases.CasosCarrito"/>
  <system-out/>
  <testcase name="verificarCheckOut" time="20.731" classname="testcases.CasosCarrito"/>
  <system-out/>
  <testcase name="verificarProductos" time="0.853" classname="testcases.CasosCarrito"/>
  <system-out/>
  <testcase name="anadirProductosAlCarrito" time="19.222" classname="testcases.CasosCarrito"/>
  <system-out/>
</testsuite> <!-- testcases.CasosCarrito -->
