<?xml version="1.0" encoding="UTF-8"?>
<!-- Generated by org.testng.reporters.JUnitReportReporter -->
<testsuite skipped="0" hostname="DESKTOP-8IGUF9C" name="testcases.CasosCarrito" tests="4" failures="0" timestamp="2021-10-09T22:56:36 COT" time="40.230" errors="0">
  <testcase name="verificarProductos" time="0.865" classname="testcases.CasosCarrito"/>
  <system-out/>
  <testcase name="elegirArticulosAzarCarritoCompras" time="0.078" classname="testcases.CasosCarrito"/>
  <system-out/>
  <testcase name="verificarCheckOut" time="20.582" classname="testcases.CasosCarrito"/>
  <system-out/>
  <testcase name="anadirProductosAlCarrito" time="18.705" classname="testcases.CasosCarrito"/>
  <system-out/>
</testsuite> <!-- testcases.CasosCarrito -->
